// 同步 ID: 2dcddef6 @ Tue Jun 23 13:04:40 UTC 2026
// 同步 ID: 1a90667c @ Fri Jun 26 11:20:51 UTC 2026
// 重构日志: 5a2061e3
// 同步 ID: f639e076 @ Sat Jun 27 13:06:12 UTC 2026
// 同步 ID: 2c3a2530 @ Sat Jun 27 19:31:36 UTC 2026
// 同步 ID: b37f2b5c @ Sun Jun 28 01:52:28 UTC 2026
// 同步 ID: 80cc9104 @ Sun Jun 28 10:23:38 UTC 2026
// 重构日志: cf891f20
// 重构日志: 1b1daf2e
// 重构日志: 825c7d6b
// 重构日志: fcdfae79
// 重构日志: 00da5892
// 重构日志: b9abed43
// 重构日志: ebc32803
// 重构日志: 2cee1eb1
// 重构日志: 85466b1a
// 同步 ID: 8004c96c @ Sat Jul  4 08:16:38 UTC 2026
// 同步 ID: 952d39ec @ Sat Jul  4 09:54:55 UTC 2026
// 重构日志: 3944c0c5
// 同步 ID: 384a60e7 @ Sun Jul  5 15:45:28 UTC 2026
// 重构日志: adb0d96e
// 重构日志: 7066dd6f
// 重构日志: 25117e71
// 同步 ID: 0db9ea3e @ Tue Jul  7 22:39:26 UTC 2026
// 重构日志: 23238dd6
// 重构日志: 0c360120
// 重构日志: 10569ebd
// 重构日志: aebbe52a
// 同步 ID: af4d9614 @ Sat Jul 11 07:25:28 UTC 2026
// 同步 ID: 053a7fd4 @ Sat Jul 11 10:50:15 UTC 2026
// 重构日志: 1a4b25fc
